2013/01/29 15:02:49 [error] [exception.CHttpException.404] exception 'CHttpException' with message 'Impossible de résoudre la requête « assets/lib/bootstrap/less/mixins.less ».' in C:\wamp\www\ASAV\YiiFramework\web\CWebApplication.php:287
Stack trace:
#0 C:\wamp\www\ASAV\YiiFramework\web\CWebApplication.php(142): CWebApplication->runController('assets/lib/boot...')
#1 C:\wamp\www\ASAV\YiiFramework\base\CApplication.php(162): CWebApplication->processRequest()
#2 C:\wamp\www\ASAV\Asav\index.php(13): CApplication->run()
#3 {main}
REQUEST_URI=/ASAV/Asav/assets/lib/bootstrap/less/mixins.less
HTTP_REFERER=http://localhost:81/ASAV/Asav/assets/94eb9a27/css/yii.css
---
2013/01/29 15:05:11 [error] [exception.CHttpException.404] exception 'CHttpException' with message 'Impossible de résoudre la requête « assets/lib/bootstrap/less/mixins.less ».' in C:\wamp\www\ASAV\YiiFramework\web\CWebApplication.php:287
Stack trace:
#0 C:\wamp\www\ASAV\YiiFramework\web\CWebApplication.php(142): CWebApplication->runController('assets/lib/boot...')
#1 C:\wamp\www\ASAV\YiiFramework\base\CApplication.php(162): CWebApplication->processRequest()
#2 C:\wamp\www\ASAV\Asav\index.php(13): CApplication->run()
#3 {main}
REQUEST_URI=/ASAV/Asav/assets/lib/bootstrap/less/mixins.less
HTTP_REFERER=http://localhost:81/ASAV/Asav/assets/94eb9a27/css/yii.css
---
2013/01/29 15:06:30 [error] [exception.CHttpException.404] exception 'CHttpException' with message 'Impossible de résoudre la requête « assets/lib/bootstrap/less/mixins.less ».' in C:\wamp\www\ASAV\YiiFramework\web\CWebApplication.php:287
Stack trace:
#0 C:\wamp\www\ASAV\YiiFramework\web\CWebApplication.php(142): CWebApplication->runController('assets/lib/boot...')
#1 C:\wamp\www\ASAV\YiiFramework\base\CApplication.php(162): CWebApplication->processRequest()
#2 C:\wamp\www\ASAV\Asav\index.php(13): CApplication->run()
#3 {main}
REQUEST_URI=/ASAV/Asav/assets/lib/bootstrap/less/mixins.less
HTTP_REFERER=http://localhost:81/ASAV/Asav/assets/94eb9a27/css/yii.css
---
2013/01/29 15:06:38 [error] [exception.CHttpException.404] exception 'CHttpException' with message 'Impossible de résoudre la requête « assets/lib/bootstrap/less/mixins.less ».' in C:\wamp\www\ASAV\YiiFramework\web\CWebApplication.php:287
Stack trace:
#0 C:\wamp\www\ASAV\YiiFramework\web\CWebApplication.php(142): CWebApplication->runController('assets/lib/boot...')
#1 C:\wamp\www\ASAV\YiiFramework\base\CApplication.php(162): CWebApplication->processRequest()
#2 C:\wamp\www\ASAV\Asav\index.php(13): CApplication->run()
#3 {main}
REQUEST_URI=/ASAV/Asav/assets/lib/bootstrap/less/mixins.less
HTTP_REFERER=http://localhost:81/ASAV/Asav/assets/94eb9a27/css/yii.css
---
2013/01/29 15:07:12 [error] [exception.CHttpException.404] exception 'CHttpException' with message 'Impossible de résoudre la requête « assets/lib/bootstrap/less/mixins.less ».' in C:\wamp\www\ASAV\YiiFramework\web\CWebApplication.php:287
Stack trace:
#0 C:\wamp\www\ASAV\YiiFramework\web\CWebApplication.php(142): CWebApplication->runController('assets/lib/boot...')
#1 C:\wamp\www\ASAV\YiiFramework\base\CApplication.php(162): CWebApplication->processRequest()
#2 C:\wamp\www\ASAV\Asav\index.php(13): CApplication->run()
#3 {main}
REQUEST_URI=/ASAV/Asav/assets/lib/bootstrap/less/mixins.less
HTTP_REFERER=http://localhost:81/ASAV/Asav/assets/94eb9a27/css/yii.css
---
2013/01/29 15:07:25 [error] [exception.CHttpException.404] exception 'CHttpException' with message 'Impossible de résoudre la requête « assets/lib/bootstrap/less/mixins.less ».' in C:\wamp\www\ASAV\YiiFramework\web\CWebApplication.php:287
Stack trace:
#0 C:\wamp\www\ASAV\YiiFramework\web\CWebApplication.php(142): CWebApplication->runController('assets/lib/boot...')
#1 C:\wamp\www\ASAV\YiiFramework\base\CApplication.php(162): CWebApplication->processRequest()
#2 C:\wamp\www\ASAV\Asav\index.php(13): CApplication->run()
#3 {main}
REQUEST_URI=/ASAV/Asav/assets/lib/bootstrap/less/mixins.less
HTTP_REFERER=http://localhost:81/ASAV/Asav/assets/94eb9a27/css/yii.css
---
2013/01/29 15:10:13 [error] [exception.CHttpException.404] exception 'CHttpException' with message 'Impossible de résoudre la requête « assets/lib/bootstrap/less/mixins.less ».' in C:\wamp\www\ASAV\YiiFramework\web\CWebApplication.php:287
Stack trace:
#0 C:\wamp\www\ASAV\YiiFramework\web\CWebApplication.php(142): CWebApplication->runController('assets/lib/boot...')
#1 C:\wamp\www\ASAV\YiiFramework\base\CApplication.php(162): CWebApplication->processRequest()
#2 C:\wamp\www\ASAV\Asav\index.php(13): CApplication->run()
#3 {main}
REQUEST_URI=/ASAV/Asav/assets/lib/bootstrap/less/mixins.less
HTTP_REFERER=http://localhost:81/ASAV/Asav/assets/94eb9a27/css/yii.css
---
2013/01/29 15:10:36 [error] [exception.CHttpException.404] exception 'CHttpException' with message 'Impossible de résoudre la requête « assets/lib/bootstrap/less/mixins.less ».' in C:\wamp\www\ASAV\YiiFramework\web\CWebApplication.php:287
Stack trace:
#0 C:\wamp\www\ASAV\YiiFramework\web\CWebApplication.php(142): CWebApplication->runController('assets/lib/boot...')
#1 C:\wamp\www\ASAV\YiiFramework\base\CApplication.php(162): CWebApplication->processRequest()
#2 C:\wamp\www\ASAV\Asav\index.php(13): CApplication->run()
#3 {main}
REQUEST_URI=/ASAV/Asav/assets/lib/bootstrap/less/mixins.less
HTTP_REFERER=http://localhost:81/ASAV/Asav/assets/94eb9a27/css/yii.css
---
2013/01/29 15:10:57 [error] [exception.CHttpException.404] exception 'CHttpException' with message 'Impossible de résoudre la requête « assets/lib/bootstrap/less/mixins.less ».' in C:\wamp\www\ASAV\YiiFramework\web\CWebApplication.php:287
Stack trace:
#0 C:\wamp\www\ASAV\YiiFramework\web\CWebApplication.php(142): CWebApplication->runController('assets/lib/boot...')
#1 C:\wamp\www\ASAV\YiiFramework\base\CApplication.php(162): CWebApplication->processRequest()
#2 C:\wamp\www\ASAV\Asav\index.php(13): CApplication->run()
#3 {main}
REQUEST_URI=/ASAV/Asav/assets/lib/bootstrap/less/mixins.less
HTTP_REFERER=http://localhost:81/ASAV/Asav/assets/94eb9a27/css/yii.css
---
2013/01/29 15:12:52 [error] [exception.CHttpException.404] exception 'CHttpException' with message 'Impossible de résoudre la requête « assets/lib/bootstrap/less/mixins.less ».' in C:\wamp\www\ASAV\YiiFramework\web\CWebApplication.php:287
Stack trace:
#0 C:\wamp\www\ASAV\YiiFramework\web\CWebApplication.php(142): CWebApplication->runController('assets/lib/boot...')
#1 C:\wamp\www\ASAV\YiiFramework\base\CApplication.php(162): CWebApplication->processRequest()
#2 C:\wamp\www\ASAV\Asav\index.php(13): CApplication->run()
#3 {main}
REQUEST_URI=/ASAV/Asav/assets/lib/bootstrap/less/mixins.less
HTTP_REFERER=http://localhost:81/ASAV/Asav/assets/94eb9a27/css/yii.css
---
2013/01/29 15:14:52 [error] [exception.CHttpException.404] exception 'CHttpException' with message 'Impossible de résoudre la requête « assets/lib/bootstrap/less/mixins.less ».' in C:\wamp\www\ASAV\YiiFramework\web\CWebApplication.php:287
Stack trace:
#0 C:\wamp\www\ASAV\YiiFramework\web\CWebApplication.php(142): CWebApplication->runController('assets/lib/boot...')
#1 C:\wamp\www\ASAV\YiiFramework\base\CApplication.php(162): CWebApplication->processRequest()
#2 C:\wamp\www\ASAV\Asav\index.php(13): CApplication->run()
#3 {main}
REQUEST_URI=/ASAV/Asav/assets/lib/bootstrap/less/mixins.less
HTTP_REFERER=http://localhost:81/ASAV/Asav/assets/94eb9a27/css/yii.css
---
2013/01/29 15:14:54 [error] [exception.CHttpException.404] exception 'CHttpException' with message 'Impossible de résoudre la requête « assets/lib/bootstrap/less/mixins.less ».' in C:\wamp\www\ASAV\YiiFramework\web\CWebApplication.php:287
Stack trace:
#0 C:\wamp\www\ASAV\YiiFramework\web\CWebApplication.php(142): CWebApplication->runController('assets/lib/boot...')
#1 C:\wamp\www\ASAV\YiiFramework\base\CApplication.php(162): CWebApplication->processRequest()
#2 C:\wamp\www\ASAV\Asav\index.php(13): CApplication->run()
#3 {main}
REQUEST_URI=/ASAV/Asav/assets/lib/bootstrap/less/mixins.less
HTTP_REFERER=http://localhost:81/ASAV/Asav/assets/94eb9a27/css/yii.css
---
2013/01/29 15:14:55 [error] [exception.CHttpException.404] exception 'CHttpException' with message 'Impossible de résoudre la requête « assets/lib/bootstrap/less/mixins.less ».' in C:\wamp\www\ASAV\YiiFramework\web\CWebApplication.php:287
Stack trace:
#0 C:\wamp\www\ASAV\YiiFramework\web\CWebApplication.php(142): CWebApplication->runController('assets/lib/boot...')
#1 C:\wamp\www\ASAV\YiiFramework\base\CApplication.php(162): CWebApplication->processRequest()
#2 C:\wamp\www\ASAV\Asav\index.php(13): CApplication->run()
#3 {main}
REQUEST_URI=/ASAV/Asav/assets/lib/bootstrap/less/mixins.less
HTTP_REFERER=http://localhost:81/ASAV/Asav/assets/94eb9a27/css/yii.css
---
2013/01/29 15:14:58 [error] [exception.CHttpException.404] exception 'CHttpException' with message 'Impossible de résoudre la requête « assets/lib/bootstrap/less/mixins.less ».' in C:\wamp\www\ASAV\YiiFramework\web\CWebApplication.php:287
Stack trace:
#0 C:\wamp\www\ASAV\YiiFramework\web\CWebApplication.php(142): CWebApplication->runController('assets/lib/boot...')
#1 C:\wamp\www\ASAV\YiiFramework\base\CApplication.php(162): CWebApplication->processRequest()
#2 C:\wamp\www\ASAV\Asav\index.php(13): CApplication->run()
#3 {main}
REQUEST_URI=/ASAV/Asav/assets/lib/bootstrap/less/mixins.less
HTTP_REFERER=http://localhost:81/ASAV/Asav/assets/94eb9a27/css/yii.css
---
2013/01/29 15:17:14 [error] [exception.CHttpException.404] exception 'CHttpException' with message 'Impossible de résoudre la requête « assets/lib/bootstrap/less/mixins.less ».' in C:\wamp\www\ASAV\YiiFramework\web\CWebApplication.php:287
Stack trace:
#0 C:\wamp\www\ASAV\YiiFramework\web\CWebApplication.php(142): CWebApplication->runController('assets/lib/boot...')
#1 C:\wamp\www\ASAV\YiiFramework\base\CApplication.php(162): CWebApplication->processRequest()
#2 C:\wamp\www\ASAV\Asav\index.php(13): CApplication->run()
#3 {main}
REQUEST_URI=/ASAV/Asav/assets/lib/bootstrap/less/mixins.less
HTTP_REFERER=http://localhost:81/ASAV/Asav/assets/94eb9a27/css/yii.css
---
2013/01/29 15:21:31 [error] [exception.CHttpException.404] exception 'CHttpException' with message 'Impossible de résoudre la requête « assets/lib/bootstrap/less/mixins.less ».' in C:\wamp\www\ASAV\YiiFramework\web\CWebApplication.php:287
Stack trace:
#0 C:\wamp\www\ASAV\YiiFramework\web\CWebApplication.php(142): CWebApplication->runController('assets/lib/boot...')
#1 C:\wamp\www\ASAV\YiiFramework\base\CApplication.php(162): CWebApplication->processRequest()
#2 C:\wamp\www\ASAV\Asav\index.php(13): CApplication->run()
#3 {main}
REQUEST_URI=/ASAV/Asav/assets/lib/bootstrap/less/mixins.less
HTTP_REFERER=http://localhost:81/ASAV/Asav/assets/94eb9a27/css/yii.css
---
2013/01/29 15:21:49 [error] [exception.CHttpException.404] exception 'CHttpException' with message 'Impossible de résoudre la requête « assets/lib/bootstrap/less/mixins.less ».' in C:\wamp\www\ASAV\YiiFramework\web\CWebApplication.php:287
Stack trace:
#0 C:\wamp\www\ASAV\YiiFramework\web\CWebApplication.php(142): CWebApplication->runController('assets/lib/boot...')
#1 C:\wamp\www\ASAV\YiiFramework\base\CApplication.php(162): CWebApplication->processRequest()
#2 C:\wamp\www\ASAV\Asav\index.php(13): CApplication->run()
#3 {main}
REQUEST_URI=/ASAV/Asav/assets/lib/bootstrap/less/mixins.less
HTTP_REFERER=http://localhost:81/ASAV/Asav/assets/94eb9a27/css/yii.css
---
2013/01/29 15:22:05 [error] [exception.CHttpException.404] exception 'CHttpException' with message 'Impossible de résoudre la requête « assets/lib/bootstrap/less/mixins.less ».' in C:\wamp\www\ASAV\YiiFramework\web\CWebApplication.php:287
Stack trace:
#0 C:\wamp\www\ASAV\YiiFramework\web\CWebApplication.php(142): CWebApplication->runController('assets/lib/boot...')
#1 C:\wamp\www\ASAV\YiiFramework\base\CApplication.php(162): CWebApplication->processRequest()
#2 C:\wamp\www\ASAV\Asav\index.php(13): CApplication->run()
#3 {main}
REQUEST_URI=/ASAV/Asav/assets/lib/bootstrap/less/mixins.less
HTTP_REFERER=http://localhost:81/ASAV/Asav/assets/94eb9a27/css/yii.css
---
2013/01/29 15:22:36 [error] [exception.CHttpException.404] exception 'CHttpException' with message 'Impossible de résoudre la requête « assets/lib/bootstrap/less/mixins.less ».' in C:\wamp\www\ASAV\YiiFramework\web\CWebApplication.php:287
Stack trace:
#0 C:\wamp\www\ASAV\YiiFramework\web\CWebApplication.php(142): CWebApplication->runController('assets/lib/boot...')
#1 C:\wamp\www\ASAV\YiiFramework\base\CApplication.php(162): CWebApplication->processRequest()
#2 C:\wamp\www\ASAV\Asav\index.php(13): CApplication->run()
#3 {main}
REQUEST_URI=/ASAV/Asav/assets/lib/bootstrap/less/mixins.less
HTTP_REFERER=http://localhost:81/ASAV/Asav/assets/94eb9a27/css/yii.css
---
2013/01/29 15:27:32 [error] [exception.CHttpException.404] exception 'CHttpException' with message 'Impossible de résoudre la requête « assets/lib/bootstrap/less/mixins.less ».' in C:\wamp\www\ASAV\YiiFramework\web\CWebApplication.php:287
Stack trace:
#0 C:\wamp\www\ASAV\YiiFramework\web\CWebApplication.php(142): CWebApplication->runController('assets/lib/boot...')
#1 C:\wamp\www\ASAV\YiiFramework\base\CApplication.php(162): CWebApplication->processRequest()
#2 C:\wamp\www\ASAV\Asav\index.php(13): CApplication->run()
#3 {main}
REQUEST_URI=/ASAV/Asav/assets/lib/bootstrap/less/mixins.less
HTTP_REFERER=http://localhost:81/ASAV/Asav/assets/94eb9a27/css/yii.css
---
2013/01/29 15:27:48 [error] [exception.CHttpException.404] exception 'CHttpException' with message 'Impossible de résoudre la requête « assets/lib/bootstrap/less/mixins.less ».' in C:\wamp\www\ASAV\YiiFramework\web\CWebApplication.php:287
Stack trace:
#0 C:\wamp\www\ASAV\YiiFramework\web\CWebApplication.php(142): CWebApplication->runController('assets/lib/boot...')
#1 C:\wamp\www\ASAV\YiiFramework\base\CApplication.php(162): CWebApplication->processRequest()
#2 C:\wamp\www\ASAV\Asav\index.php(13): CApplication->run()
#3 {main}
REQUEST_URI=/ASAV/Asav/assets/lib/bootstrap/less/mixins.less
HTTP_REFERER=http://localhost:81/ASAV/Asav/assets/94eb9a27/css/yii.css
---
2013/01/29 15:28:10 [error] [exception.CHttpException.404] exception 'CHttpException' with message 'Impossible de résoudre la requête « assets/lib/bootstrap/less/mixins.less ».' in C:\wamp\www\ASAV\YiiFramework\web\CWebApplication.php:287
Stack trace:
#0 C:\wamp\www\ASAV\YiiFramework\web\CWebApplication.php(142): CWebApplication->runController('assets/lib/boot...')
#1 C:\wamp\www\ASAV\YiiFramework\base\CApplication.php(162): CWebApplication->processRequest()
#2 C:\wamp\www\ASAV\Asav\index.php(13): CApplication->run()
#3 {main}
REQUEST_URI=/ASAV/Asav/assets/lib/bootstrap/less/mixins.less
HTTP_REFERER=http://localhost:81/ASAV/Asav/assets/94eb9a27/css/yii.css
---
2013/01/29 15:28:38 [error] [exception.CHttpException.404] exception 'CHttpException' with message 'Impossible de résoudre la requête « assets/lib/bootstrap/less/mixins.less ».' in C:\wamp\www\ASAV\YiiFramework\web\CWebApplication.php:287
Stack trace:
#0 C:\wamp\www\ASAV\YiiFramework\web\CWebApplication.php(142): CWebApplication->runController('assets/lib/boot...')
#1 C:\wamp\www\ASAV\YiiFramework\base\CApplication.php(162): CWebApplication->processRequest()
#2 C:\wamp\www\ASAV\Asav\index.php(13): CApplication->run()
#3 {main}
REQUEST_URI=/ASAV/Asav/assets/lib/bootstrap/less/mixins.less
HTTP_REFERER=http://localhost:81/ASAV/Asav/assets/94eb9a27/css/yii.css
---
2013/01/29 15:31:11 [error] [exception.CHttpException.404] exception 'CHttpException' with message 'Impossible de résoudre la requête « assets/lib/bootstrap/less/mixins.less ».' in C:\wamp\www\ASAV\YiiFramework\web\CWebApplication.php:287
Stack trace:
#0 C:\wamp\www\ASAV\YiiFramework\web\CWebApplication.php(142): CWebApplication->runController('assets/lib/boot...')
#1 C:\wamp\www\ASAV\YiiFramework\base\CApplication.php(162): CWebApplication->processRequest()
#2 C:\wamp\www\ASAV\Asav\index.php(13): CApplication->run()
#3 {main}
REQUEST_URI=/ASAV/Asav/assets/lib/bootstrap/less/mixins.less
HTTP_REFERER=http://localhost:81/ASAV/Asav/assets/94eb9a27/css/yii.css
---
2013/01/29 15:33:26 [error] [exception.CHttpException.404] exception 'CHttpException' with message 'Impossible de résoudre la requête « git ».' in C:\wamp\www\ASAV\YiiFramework\web\CWebApplication.php:287
Stack trace:
#0 C:\wamp\www\ASAV\YiiFramework\web\CWebApplication.php(142): CWebApplication->runController('git')
#1 C:\wamp\www\ASAV\YiiFramework\base\CApplication.php(162): CWebApplication->processRequest()
#2 C:\wamp\www\ASAV\Asav\index.php(13): CApplication->run()
#3 {main}
REQUEST_URI=/ASAV/Asav/git
---
2013/02/13 10:49:16 [error] [php] Undefined variable: model (C:\wamp\www\Asav\Asav\protected\views\children\gallery.php:11)
Stack trace:
#0 C:\wamp\www\Asav\YiiFramework\web\CController.php(870): ChildrenController->renderFile()
#1 C:\wamp\www\Asav\YiiFramework\web\CController.php(783): ChildrenController->renderPartial()
#2 C:\wamp\www\Asav\Asav\protected\controllers\ChildrenController.php(15): ChildrenController->render()
#3 C:\wamp\www\Asav\YiiFramework\web\actions\CInlineAction.php(50): ChildrenController->actionGallery()
#4 C:\wamp\www\Asav\YiiFramework\web\CController.php(309): CInlineAction->runWithParams()
#5 C:\wamp\www\Asav\YiiFramework\web\CController.php(287): ChildrenController->runAction()
#6 C:\wamp\www\Asav\YiiFramework\web\CController.php(266): ChildrenController->runActionWithFilters()
#7 C:\wamp\www\Asav\YiiFramework\web\CWebApplication.php(283): ChildrenController->run()
#8 C:\wamp\www\Asav\YiiFramework\web\CWebApplication.php(142): CWebApplication->runController()
#9 C:\wamp\www\Asav\YiiFramework\base\CApplication.php(162): CWebApplication->processRequest()
#10 C:\wamp\www\Asav\Asav\index.php(13): CWebApplication->run()
REQUEST_URI=/Asav/Asav/children/gallery
in C:\wamp\www\Asav\Asav\protected\views\children\gallery.php (11)
in C:\wamp\www\Asav\Asav\protected\controllers\ChildrenController.php (15)
in C:\wamp\www\Asav\Asav\index.php (13)
2013/02/13 10:52:42 [error] [php] include(Children.php) [<a href='function.include'>function.include</a>]: failed to open stream: No such file or directory (C:\wamp\www\Asav\YiiFramework\YiiBase.php:423)
Stack trace:
#0 C:\wamp\www\Asav\YiiFramework\db\ar\CActiveRecord.php(387): spl_autoload_call()
#1 C:\wamp\www\Asav\YiiFramework\web\CActiveDataProvider.php(75): model()
#2 C:\wamp\www\Asav\Asav\protected\controllers\ChildrenController.php(12): CActiveDataProvider->__construct()
#3 C:\wamp\www\Asav\YiiFramework\web\actions\CInlineAction.php(50): ChildrenController->actionGallery()
#4 C:\wamp\www\Asav\YiiFramework\web\CController.php(309): CInlineAction->runWithParams()
#5 C:\wamp\www\Asav\YiiFramework\web\CController.php(287): ChildrenController->runAction()
#6 C:\wamp\www\Asav\YiiFramework\web\CController.php(266): ChildrenController->runActionWithFilters()
#7 C:\wamp\www\Asav\YiiFramework\web\CWebApplication.php(283): ChildrenController->run()
#8 C:\wamp\www\Asav\YiiFramework\web\CWebApplication.php(142): CWebApplication->runController()
#9 C:\wamp\www\Asav\YiiFramework\base\CApplication.php(162): CWebApplication->processRequest()
#10 C:\wamp\www\Asav\Asav\index.php(13): CWebApplication->run()
REQUEST_URI=/Asav/Asav/children/gallery
in C:\wamp\www\Asav\Asav\protected\controllers\ChildrenController.php (12)
in C:\wamp\www\Asav\Asav\index.php (13)
2013/02/13 10:52:49 [error] [php] require() [<a href='function.require'>function.require</a>]: Filename cannot be empty (C:\wamp\www\Asav\YiiFramework\web\CBaseController.php:131)
Stack trace:
#0 C:\wamp\www\Asav\YiiFramework\zii\widgets\CListView.php(260): ChildrenController->renderFile()
#1 C:\wamp\www\Asav\YiiFramework\zii\widgets\CBaseListView.php(161): CListView->renderItems()
#2 unknown(0): CListView->renderSection()
#3 C:\wamp\www\Asav\YiiFramework\zii\widgets\CBaseListView.php(144): preg_replace_callback()
#4 C:\wamp\www\Asav\YiiFramework\zii\widgets\CBaseListView.php(129): CListView->renderContent()
#5 C:\wamp\www\Asav\YiiFramework\web\CBaseController.php(174): CListView->run()
#6 C:\wamp\www\Asav\Asav\protected\views\children\gallery.php(13): ChildrenController->widget()
#7 C:\wamp\www\Asav\YiiFramework\web\CBaseController.php(127): require()
#8 C:\wamp\www\Asav\YiiFramework\web\CBaseController.php(96): ChildrenController->renderInternal()
#9 C:\wamp\www\Asav\YiiFramework\web\CController.php(870): ChildrenController->renderFile()
#10 C:\wamp\www\Asav\YiiFramework\web\CController.php(783): ChildrenController->renderPartial()
#11 C:\wamp\www\Asav\Asav\protected\controllers\ChildrenController.php(15): ChildrenController->render()
#12 C:\wamp\www\Asav\YiiFramework\web\actions\CInlineAction.php(50): ChildrenController->actionGallery()
#13 C:\wamp\www\Asav\YiiFramework\web\CController.php(309): CInlineAction->runWithParams()
#14 C:\wamp\www\Asav\YiiFramework\web\CController.php(287): ChildrenController->runAction()
#15 C:\wamp\www\Asav\YiiFramework\web\CController.php(266): ChildrenController->runActionWithFilters()
#16 C:\wamp\www\Asav\YiiFramework\web\CWebApplication.php(283): ChildrenController->run()
#17 C:\wamp\www\Asav\YiiFramework\web\CWebApplication.php(142): CWebApplication->runController()
#18 C:\wamp\www\Asav\YiiFramework\base\CApplication.php(162): CWebApplication->processRequest()
#19 C:\wamp\www\Asav\Asav\index.php(13): CWebApplication->run()
REQUEST_URI=/Asav/Asav/children/gallery
in C:\wamp\www\Asav\Asav\protected\views\children\gallery.php (13)
in C:\wamp\www\Asav\Asav\protected\controllers\ChildrenController.php (15)
in C:\wamp\www\Asav\Asav\index.php (13)
2013/02/13 10:53:52 [error] [php] require() [<a href='function.require'>function.require</a>]: Filename cannot be empty (C:\wamp\www\Asav\YiiFramework\web\CBaseController.php:131)
Stack trace:
#0 C:\wamp\www\Asav\YiiFramework\zii\widgets\CListView.php(260): ChildrenController->renderFile()
#1 C:\wamp\www\Asav\YiiFramework\zii\widgets\CBaseListView.php(161): CListView->renderItems()
#2 unknown(0): CListView->renderSection()
#3 C:\wamp\www\Asav\YiiFramework\zii\widgets\CBaseListView.php(144): preg_replace_callback()
#4 C:\wamp\www\Asav\YiiFramework\zii\widgets\CBaseListView.php(129): CListView->renderContent()
#5 C:\wamp\www\Asav\YiiFramework\web\CBaseController.php(174): CListView->run()
#6 C:\wamp\www\Asav\Asav\protected\views\children\gallery.php(13): ChildrenController->widget()
#7 C:\wamp\www\Asav\YiiFramework\web\CBaseController.php(127): require()
#8 C:\wamp\www\Asav\YiiFramework\web\CBaseController.php(96): ChildrenController->renderInternal()
#9 C:\wamp\www\Asav\YiiFramework\web\CController.php(870): ChildrenController->renderFile()
#10 C:\wamp\www\Asav\YiiFramework\web\CController.php(783): ChildrenController->renderPartial()
#11 C:\wamp\www\Asav\Asav\protected\controllers\ChildrenController.php(15): ChildrenController->render()
#12 C:\wamp\www\Asav\YiiFramework\web\actions\CInlineAction.php(50): ChildrenController->actionGallery()
#13 C:\wamp\www\Asav\YiiFramework\web\CController.php(309): CInlineAction->runWithParams()
#14 C:\wamp\www\Asav\YiiFramework\web\CController.php(287): ChildrenController->runAction()
#15 C:\wamp\www\Asav\YiiFramework\web\CController.php(266): ChildrenController->runActionWithFilters()
#16 C:\wamp\www\Asav\YiiFramework\web\CWebApplication.php(283): ChildrenController->run()
#17 C:\wamp\www\Asav\YiiFramework\web\CWebApplication.php(142): CWebApplication->runController()
#18 C:\wamp\www\Asav\YiiFramework\base\CApplication.php(162): CWebApplication->processRequest()
#19 C:\wamp\www\Asav\Asav\index.php(13): CWebApplication->run()
REQUEST_URI=/Asav/Asav/children/gallery
in C:\wamp\www\Asav\Asav\protected\views\children\gallery.php (13)
in C:\wamp\www\Asav\Asav\protected\controllers\ChildrenController.php (15)
in C:\wamp\www\Asav\Asav\index.php (13)
2013/02/13 10:54:06 [error] [php] require() [<a href='function.require'>function.require</a>]: Filename cannot be empty (C:\wamp\www\Asav\YiiFramework\web\CBaseController.php:131)
Stack trace:
#0 C:\wamp\www\Asav\YiiFramework\zii\widgets\CListView.php(260): ChildrenController->renderFile()
#1 C:\wamp\www\Asav\YiiFramework\zii\widgets\CBaseListView.php(161): CListView->renderItems()
#2 unknown(0): CListView->renderSection()
#3 C:\wamp\www\Asav\YiiFramework\zii\widgets\CBaseListView.php(144): preg_replace_callback()
#4 C:\wamp\www\Asav\YiiFramework\zii\widgets\CBaseListView.php(129): CListView->renderContent()
#5 C:\wamp\www\Asav\YiiFramework\web\CBaseController.php(174): CListView->run()
#6 C:\wamp\www\Asav\Asav\protected\views\children\gallery.php(13): ChildrenController->widget()
#7 C:\wamp\www\Asav\YiiFramework\web\CBaseController.php(127): require()
#8 C:\wamp\www\Asav\YiiFramework\web\CBaseController.php(96): ChildrenController->renderInternal()
#9 C:\wamp\www\Asav\YiiFramework\web\CController.php(870): ChildrenController->renderFile()
#10 C:\wamp\www\Asav\YiiFramework\web\CController.php(783): ChildrenController->renderPartial()
#11 C:\wamp\www\Asav\Asav\protected\controllers\ChildrenController.php(15): ChildrenController->render()
#12 C:\wamp\www\Asav\YiiFramework\web\actions\CInlineAction.php(50): ChildrenController->actionGallery()
#13 C:\wamp\www\Asav\YiiFramework\web\CController.php(309): CInlineAction->runWithParams()
#14 C:\wamp\www\Asav\YiiFramework\web\CController.php(287): ChildrenController->runAction()
#15 C:\wamp\www\Asav\YiiFramework\web\CController.php(266): ChildrenController->runActionWithFilters()
#16 C:\wamp\www\Asav\YiiFramework\web\CWebApplication.php(283): ChildrenController->run()
#17 C:\wamp\www\Asav\YiiFramework\web\CWebApplication.php(142): CWebApplication->runController()
#18 C:\wamp\www\Asav\YiiFramework\base\CApplication.php(162): CWebApplication->processRequest()
#19 C:\wamp\www\Asav\Asav\index.php(13): CWebApplication->run()
REQUEST_URI=/Asav/Asav/children/gallery
in C:\wamp\www\Asav\Asav\protected\views\children\gallery.php (13)
in C:\wamp\www\Asav\Asav\protected\controllers\ChildrenController.php (15)
in C:\wamp\www\Asav\Asav\index.php (13)
2013/02/13 10:54:07 [error] [php] require() [<a href='function.require'>function.require</a>]: Filename cannot be empty (C:\wamp\www\Asav\YiiFramework\web\CBaseController.php:131)
Stack trace:
#0 C:\wamp\www\Asav\YiiFramework\zii\widgets\CListView.php(260): ChildrenController->renderFile()
#1 C:\wamp\www\Asav\YiiFramework\zii\widgets\CBaseListView.php(161): CListView->renderItems()
#2 unknown(0): CListView->renderSection()
#3 C:\wamp\www\Asav\YiiFramework\zii\widgets\CBaseListView.php(144): preg_replace_callback()
#4 C:\wamp\www\Asav\YiiFramework\zii\widgets\CBaseListView.php(129): CListView->renderContent()
#5 C:\wamp\www\Asav\YiiFramework\web\CBaseController.php(174): CListView->run()
#6 C:\wamp\www\Asav\Asav\protected\views\children\gallery.php(13): ChildrenController->widget()
#7 C:\wamp\www\Asav\YiiFramework\web\CBaseController.php(127): require()
#8 C:\wamp\www\Asav\YiiFramework\web\CBaseController.php(96): ChildrenController->renderInternal()
#9 C:\wamp\www\Asav\YiiFramework\web\CController.php(870): ChildrenController->renderFile()
#10 C:\wamp\www\Asav\YiiFramework\web\CController.php(783): ChildrenController->renderPartial()
#11 C:\wamp\www\Asav\Asav\protected\controllers\ChildrenController.php(15): ChildrenController->render()
#12 C:\wamp\www\Asav\YiiFramework\web\actions\CInlineAction.php(50): ChildrenController->actionGallery()
#13 C:\wamp\www\Asav\YiiFramework\web\CController.php(309): CInlineAction->runWithParams()
#14 C:\wamp\www\Asav\YiiFramework\web\CController.php(287): ChildrenController->runAction()
#15 C:\wamp\www\Asav\YiiFramework\web\CController.php(266): ChildrenController->runActionWithFilters()
#16 C:\wamp\www\Asav\YiiFramework\web\CWebApplication.php(283): ChildrenController->run()
#17 C:\wamp\www\Asav\YiiFramework\web\CWebApplication.php(142): CWebApplication->runController()
#18 C:\wamp\www\Asav\YiiFramework\base\CApplication.php(162): CWebApplication->processRequest()
#19 C:\wamp\www\Asav\Asav\index.php(13): CWebApplication->run()
REQUEST_URI=/Asav/Asav/children/gallery
in C:\wamp\www\Asav\Asav\protected\views\children\gallery.php (13)
in C:\wamp\www\Asav\Asav\protected\controllers\ChildrenController.php (15)
in C:\wamp\www\Asav\Asav\index.php (13)
2013/02/13 10:54:11 [error] [exception.CException] exception 'CException' with message 'La propriété « Child.Country » est indéfinie.' in C:\wamp\www\Asav\YiiFramework\base\CComponent.php:131
Stack trace:
#0 C:\wamp\www\Asav\YiiFramework\db\ar\CActiveRecord.php(144): CComponent->__get('Country')
#1 C:\wamp\www\Asav\Asav\protected\views\children\_gallery.php(13): CActiveRecord->__get('Country')
#2 C:\wamp\www\Asav\YiiFramework\web\CBaseController.php(131): require('C:\wamp\www\Asa...')
#3 C:\wamp\www\Asav\YiiFramework\web\CBaseController.php(96): CBaseController->renderInternal('C:\wamp\www\Asa...', Array, false)
#4 C:\wamp\www\Asav\YiiFramework\zii\widgets\CListView.php(260): CBaseController->renderFile('C:\wamp\www\Asa...', Array)
#5 C:\wamp\www\Asav\YiiFramework\zii\widgets\CBaseListView.php(161): CListView->renderItems()
#6 [internal function]: CBaseListView->renderSection(Array)
#7 C:\wamp\www\Asav\YiiFramework\zii\widgets\CBaseListView.php(144): preg_replace_callback('/{(\w+)}/', Array, '{summary}?{sort...')
#8 C:\wamp\www\Asav\YiiFramework\zii\widgets\CBaseListView.php(129): CBaseListView->renderContent()
#9 C:\wamp\www\Asav\YiiFramework\web\CBaseController.php(174): CBaseListView->run()
#10 C:\wamp\www\Asav\Asav\protected\views\children\gallery.php(13): CBaseController->widget('zii.widgets.CLi...', Array)
#11 C:\wamp\www\Asav\YiiFramework\web\CBaseController.php(127): require('C:\wamp\www\Asa...')
#12 C:\wamp\www\Asav\YiiFramework\web\CBaseController.php(96): CBaseController->renderInternal('C:\wamp\www\Asa...', Array, true)
#13 C:\wamp\www\Asav\YiiFramework\web\CController.php(870): CBaseController->renderFile('C:\wamp\www\Asa...', Array, true)
#14 C:\wamp\www\Asav\YiiFramework\web\CController.php(783): CController->renderPartial('gallery', Array, true)
#15 C:\wamp\www\Asav\Asav\protected\controllers\ChildrenController.php(15): CController->render('gallery', Array)
#16 C:\wamp\www\Asav\YiiFramework\web\actions\CInlineAction.php(50): ChildrenController->actionGallery()
#17 C:\wamp\www\Asav\YiiFramework\web\CController.php(309): CInlineAction->runWithParams(Array)
#18 C:\wamp\www\Asav\YiiFramework\web\CController.php(287): CController->runAction(Object(CInlineAction))
#19 C:\wamp\www\Asav\YiiFramework\web\CController.php(266): CController->runActionWithFilters(Object(CInlineAction), Array)
#20 C:\wamp\www\Asav\YiiFramework\web\CWebApplication.php(283): CController->run('gallery')
#21 C:\wamp\www\Asav\YiiFramework\web\CWebApplication.php(142): CWebApplication->runController('children/galler...')
#22 C:\wamp\www\Asav\YiiFramework\base\CApplication.php(162): CWebApplication->processRequest()
#23 C:\wamp\www\Asav\Asav\index.php(13): CApplication->run()
#24 {main}
REQUEST_URI=/Asav/Asav/children/gallery
---
2013/02/27 10:23:34 [error] [php] Use of undefined constant width - assumed 'width' (C:\wamp\www\Asav\Asav\protected\views\children\_gallery.php:18)
Stack trace:
#0 C:\wamp\www\Asav\YiiFramework\zii\widgets\CListView.php(260): ChildrenController->renderFile()
#1 C:\wamp\www\Asav\YiiFramework\zii\widgets\CBaseListView.php(161): CListView->renderItems()
#2 unknown(0): CListView->renderSection()
#3 C:\wamp\www\Asav\YiiFramework\zii\widgets\CBaseListView.php(144): preg_replace_callback()
#4 C:\wamp\www\Asav\YiiFramework\zii\widgets\CBaseListView.php(129): CListView->renderContent()
#5 C:\wamp\www\Asav\YiiFramework\web\CBaseController.php(174): CListView->run()
#6 C:\wamp\www\Asav\Asav\protected\views\children\gallery.php(13): ChildrenController->widget()
#7 C:\wamp\www\Asav\YiiFramework\web\CBaseController.php(127): require()
#8 C:\wamp\www\Asav\YiiFramework\web\CBaseController.php(96): ChildrenController->renderInternal()
#9 C:\wamp\www\Asav\YiiFramework\web\CController.php(870): ChildrenController->renderFile()
#10 C:\wamp\www\Asav\YiiFramework\web\CController.php(783): ChildrenController->renderPartial()
#11 C:\wamp\www\Asav\Asav\protected\controllers\ChildrenController.php(15): ChildrenController->render()
#12 C:\wamp\www\Asav\YiiFramework\web\actions\CInlineAction.php(50): ChildrenController->actionGallery()
#13 C:\wamp\www\Asav\YiiFramework\web\CController.php(309): CInlineAction->runWithParams()
#14 C:\wamp\www\Asav\YiiFramework\web\CController.php(287): ChildrenController->runAction()
#15 C:\wamp\www\Asav\YiiFramework\web\CController.php(266): ChildrenController->runActionWithFilters()
#16 C:\wamp\www\Asav\YiiFramework\web\CWebApplication.php(283): ChildrenController->run()
#17 C:\wamp\www\Asav\YiiFramework\web\CWebApplication.php(142): CWebApplication->runController()
#18 C:\wamp\www\Asav\YiiFramework\base\CApplication.php(162): CWebApplication->processRequest()
#19 C:\wamp\www\Asav\Asav\index.php(13): CWebApplication->run()
REQUEST_URI=/Asav/Asav/children/gallery
in C:\wamp\www\Asav\Asav\protected\views\children\_gallery.php (18)
in C:\wamp\www\Asav\Asav\protected\views\children\gallery.php (13)
in C:\wamp\www\Asav\Asav\protected\controllers\ChildrenController.php (15)
2013/02/27 10:24:00 [error] [php] htmlspecialchars() expects parameter 1 to be string, array given (C:\wamp\www\Asav\YiiFramework\web\helpers\CHtml.php:85)
Stack trace:
#0 C:\wamp\www\Asav\YiiFramework\web\helpers\CHtml.php(140): renderAttributes()
#1 C:\wamp\www\Asav\YiiFramework\web\helpers\CHtml.php(413): tag()
#2 C:\wamp\www\Asav\Asav\protected\views\children\_gallery.php(19): image()
#3 C:\wamp\www\Asav\YiiFramework\web\CBaseController.php(131): require()
#4 C:\wamp\www\Asav\YiiFramework\web\CBaseController.php(96): ChildrenController->renderInternal()
#5 C:\wamp\www\Asav\YiiFramework\zii\widgets\CListView.php(260): ChildrenController->renderFile()
#6 C:\wamp\www\Asav\YiiFramework\zii\widgets\CBaseListView.php(161): CListView->renderItems()
#7 unknown(0): CListView->renderSection()
#8 C:\wamp\www\Asav\YiiFramework\zii\widgets\CBaseListView.php(144): preg_replace_callback()
#9 C:\wamp\www\Asav\YiiFramework\zii\widgets\CBaseListView.php(129): CListView->renderContent()
#10 C:\wamp\www\Asav\YiiFramework\web\CBaseController.php(174): CListView->run()
#11 C:\wamp\www\Asav\Asav\protected\views\children\gallery.php(13): ChildrenController->widget()
#12 C:\wamp\www\Asav\YiiFramework\web\CBaseController.php(127): require()
#13 C:\wamp\www\Asav\YiiFramework\web\CBaseController.php(96): ChildrenController->renderInternal()
#14 C:\wamp\www\Asav\YiiFramework\web\CController.php(870): ChildrenController->renderFile()
#15 C:\wamp\www\Asav\YiiFramework\web\CController.php(783): ChildrenController->renderPartial()
#16 C:\wamp\www\Asav\Asav\protected\controllers\ChildrenController.php(15): ChildrenController->render()
#17 C:\wamp\www\Asav\YiiFramework\web\actions\CInlineAction.php(50): ChildrenController->actionGallery()
#18 C:\wamp\www\Asav\YiiFramework\web\CController.php(309): CInlineAction->runWithParams()
#19 C:\wamp\www\Asav\YiiFramework\web\CController.php(287): ChildrenController->runAction()
#20 C:\wamp\www\Asav\YiiFramework\web\CController.php(266): ChildrenController->runActionWithFilters()
#21 C:\wamp\www\Asav\YiiFramework\web\CWebApplication.php(283): ChildrenController->run()
#22 C:\wamp\www\Asav\YiiFramework\web\CWebApplication.php(142): CWebApplication->runController()
#23 C:\wamp\www\Asav\YiiFramework\base\CApplication.php(162): CWebApplication->processRequest()
#24 C:\wamp\www\Asav\Asav\index.php(13): CWebApplication->run()
REQUEST_URI=/Asav/Asav/children/gallery
in C:\wamp\www\Asav\Asav\protected\views\children\_gallery.php (19)
in C:\wamp\www\Asav\Asav\protected\views\children\gallery.php (13)
in C:\wamp\www\Asav\Asav\protected\controllers\ChildrenController.php (15)
2013/02/27 10:25:03 [error] [php] htmlspecialchars() expects parameter 1 to be string, array given (C:\wamp\www\Asav\YiiFramework\web\helpers\CHtml.php:85)
Stack trace:
#0 C:\wamp\www\Asav\YiiFramework\web\helpers\CHtml.php(140): renderAttributes()
#1 C:\wamp\www\Asav\YiiFramework\web\helpers\CHtml.php(413): tag()
#2 C:\wamp\www\Asav\Asav\protected\views\children\_gallery.php(19): image()
#3 C:\wamp\www\Asav\YiiFramework\web\CBaseController.php(131): require()
#4 C:\wamp\www\Asav\YiiFramework\web\CBaseController.php(96): ChildrenController->renderInternal()
#5 C:\wamp\www\Asav\YiiFramework\zii\widgets\CListView.php(260): ChildrenController->renderFile()
#6 C:\wamp\www\Asav\YiiFramework\zii\widgets\CBaseListView.php(161): CListView->renderItems()
#7 unknown(0): CListView->renderSection()
#8 C:\wamp\www\Asav\YiiFramework\zii\widgets\CBaseListView.php(144): preg_replace_callback()
#9 C:\wamp\www\Asav\YiiFramework\zii\widgets\CBaseListView.php(129): CListView->renderContent()
#10 C:\wamp\www\Asav\YiiFramework\web\CBaseController.php(174): CListView->run()
#11 C:\wamp\www\Asav\Asav\protected\views\children\gallery.php(13): ChildrenController->widget()
#12 C:\wamp\www\Asav\YiiFramework\web\CBaseController.php(127): require()
#13 C:\wamp\www\Asav\YiiFramework\web\CBaseController.php(96): ChildrenController->renderInternal()
#14 C:\wamp\www\Asav\YiiFramework\web\CController.php(870): ChildrenController->renderFile()
#15 C:\wamp\www\Asav\YiiFramework\web\CController.php(783): ChildrenController->renderPartial()
#16 C:\wamp\www\Asav\Asav\protected\controllers\ChildrenController.php(15): ChildrenController->render()
#17 C:\wamp\www\Asav\YiiFramework\web\actions\CInlineAction.php(50): ChildrenController->actionGallery()
#18 C:\wamp\www\Asav\YiiFramework\web\CController.php(309): CInlineAction->runWithParams()
#19 C:\wamp\www\Asav\YiiFramework\web\CController.php(287): ChildrenController->runAction()
#20 C:\wamp\www\Asav\YiiFramework\web\CController.php(266): ChildrenController->runActionWithFilters()
#21 C:\wamp\www\Asav\YiiFramework\web\CWebApplication.php(283): ChildrenController->run()
#22 C:\wamp\www\Asav\YiiFramework\web\CWebApplication.php(142): CWebApplication->runController()
#23 C:\wamp\www\Asav\YiiFramework\base\CApplication.php(162): CWebApplication->processRequest()
#24 C:\wamp\www\Asav\Asav\index.php(13): CWebApplication->run()
REQUEST_URI=/Asav/Asav/children/gallery
in C:\wamp\www\Asav\Asav\protected\views\children\_gallery.php (19)
in C:\wamp\www\Asav\Asav\protected\views\children\gallery.php (13)
in C:\wamp\www\Asav\Asav\protected\controllers\ChildrenController.php (15)
2013/02/27 10:25:04 [error] [php] htmlspecialchars() expects parameter 1 to be string, array given (C:\wamp\www\Asav\YiiFramework\web\helpers\CHtml.php:85)
Stack trace:
#0 C:\wamp\www\Asav\YiiFramework\web\helpers\CHtml.php(140): renderAttributes()
#1 C:\wamp\www\Asav\YiiFramework\web\helpers\CHtml.php(413): tag()
#2 C:\wamp\www\Asav\Asav\protected\views\children\_gallery.php(19): image()
#3 C:\wamp\www\Asav\YiiFramework\web\CBaseController.php(131): require()
#4 C:\wamp\www\Asav\YiiFramework\web\CBaseController.php(96): ChildrenController->renderInternal()
#5 C:\wamp\www\Asav\YiiFramework\zii\widgets\CListView.php(260): ChildrenController->renderFile()
#6 C:\wamp\www\Asav\YiiFramework\zii\widgets\CBaseListView.php(161): CListView->renderItems()
#7 unknown(0): CListView->renderSection()
#8 C:\wamp\www\Asav\YiiFramework\zii\widgets\CBaseListView.php(144): preg_replace_callback()
#9 C:\wamp\www\Asav\YiiFramework\zii\widgets\CBaseListView.php(129): CListView->renderContent()
#10 C:\wamp\www\Asav\YiiFramework\web\CBaseController.php(174): CListView->run()
#11 C:\wamp\www\Asav\Asav\protected\views\children\gallery.php(13): ChildrenController->widget()
#12 C:\wamp\www\Asav\YiiFramework\web\CBaseController.php(127): require()
#13 C:\wamp\www\Asav\YiiFramework\web\CBaseController.php(96): ChildrenController->renderInternal()
#14 C:\wamp\www\Asav\YiiFramework\web\CController.php(870): ChildrenController->renderFile()
#15 C:\wamp\www\Asav\YiiFramework\web\CController.php(783): ChildrenController->renderPartial()
#16 C:\wamp\www\Asav\Asav\protected\controllers\ChildrenController.php(15): ChildrenController->render()
#17 C:\wamp\www\Asav\YiiFramework\web\actions\CInlineAction.php(50): ChildrenController->actionGallery()
#18 C:\wamp\www\Asav\YiiFramework\web\CController.php(309): CInlineAction->runWithParams()
#19 C:\wamp\www\Asav\YiiFramework\web\CController.php(287): ChildrenController->runAction()
#20 C:\wamp\www\Asav\YiiFramework\web\CController.php(266): ChildrenController->runActionWithFilters()
#21 C:\wamp\www\Asav\YiiFramework\web\CWebApplication.php(283): ChildrenController->run()
#22 C:\wamp\www\Asav\YiiFramework\web\CWebApplication.php(142): CWebApplication->runController()
#23 C:\wamp\www\Asav\YiiFramework\base\CApplication.php(162): CWebApplication->processRequest()
#24 C:\wamp\www\Asav\Asav\index.php(13): CWebApplication->run()
REQUEST_URI=/Asav/Asav/children/gallery
in C:\wamp\www\Asav\Asav\protected\views\children\_gallery.php (19)
in C:\wamp\www\Asav\Asav\protected\views\children\gallery.php (13)
in C:\wamp\www\Asav\Asav\protected\controllers\ChildrenController.php (15)
2013/02/27 10:28:47 [error] [php] htmlspecialchars() expects parameter 1 to be string, array given (C:\wamp\www\Asav\YiiFramework\web\helpers\CHtml.php:85)
Stack trace:
#0 C:\wamp\www\Asav\YiiFramework\web\helpers\CHtml.php(140): renderAttributes()
#1 C:\wamp\www\Asav\YiiFramework\web\helpers\CHtml.php(413): tag()
#2 C:\wamp\www\Asav\Asav\protected\views\children\_gallery.php(19): image()
#3 C:\wamp\www\Asav\YiiFramework\web\CBaseController.php(131): require()
#4 C:\wamp\www\Asav\YiiFramework\web\CBaseController.php(96): ChildrenController->renderInternal()
#5 C:\wamp\www\Asav\YiiFramework\zii\widgets\CListView.php(260): ChildrenController->renderFile()
#6 C:\wamp\www\Asav\YiiFramework\zii\widgets\CBaseListView.php(161): CListView->renderItems()
#7 unknown(0): CListView->renderSection()
#8 C:\wamp\www\Asav\YiiFramework\zii\widgets\CBaseListView.php(144): preg_replace_callback()
#9 C:\wamp\www\Asav\YiiFramework\zii\widgets\CBaseListView.php(129): CListView->renderContent()
#10 C:\wamp\www\Asav\YiiFramework\web\CBaseController.php(174): CListView->run()
#11 C:\wamp\www\Asav\Asav\protected\views\children\gallery.php(13): ChildrenController->widget()
#12 C:\wamp\www\Asav\YiiFramework\web\CBaseController.php(127): require()
#13 C:\wamp\www\Asav\YiiFramework\web\CBaseController.php(96): ChildrenController->renderInternal()
#14 C:\wamp\www\Asav\YiiFramework\web\CController.php(870): ChildrenController->renderFile()
#15 C:\wamp\www\Asav\YiiFramework\web\CController.php(783): ChildrenController->renderPartial()
#16 C:\wamp\www\Asav\Asav\protected\controllers\ChildrenController.php(15): ChildrenController->render()
#17 C:\wamp\www\Asav\YiiFramework\web\actions\CInlineAction.php(50): ChildrenController->actionGallery()
#18 C:\wamp\www\Asav\YiiFramework\web\CController.php(309): CInlineAction->runWithParams()
#19 C:\wamp\www\Asav\YiiFramework\web\CController.php(287): ChildrenController->runAction()
#20 C:\wamp\www\Asav\YiiFramework\web\CController.php(266): ChildrenController->runActionWithFilters()
#21 C:\wamp\www\Asav\YiiFramework\web\CWebApplication.php(283): ChildrenController->run()
#22 C:\wamp\www\Asav\YiiFramework\web\CWebApplication.php(142): CWebApplication->runController()
#23 C:\wamp\www\Asav\YiiFramework\base\CApplication.php(162): CWebApplication->processRequest()
#24 C:\wamp\www\Asav\Asav\index.php(13): CWebApplication->run()
REQUEST_URI=/Asav/Asav/children/gallery
in C:\wamp\www\Asav\Asav\protected\views\children\_gallery.php (19)
in C:\wamp\www\Asav\Asav\protected\views\children\gallery.php (13)
in C:\wamp\www\Asav\Asav\protected\controllers\ChildrenController.php (15)
2013/02/27 10:32:18 [error] [php] htmlspecialchars() expects parameter 1 to be string, array given (C:\wamp\www\Asav\YiiFramework\web\helpers\CHtml.php:85)
Stack trace:
#0 C:\wamp\www\Asav\YiiFramework\web\helpers\CHtml.php(140): renderAttributes()
#1 C:\wamp\www\Asav\YiiFramework\web\helpers\CHtml.php(413): tag()
#2 C:\wamp\www\Asav\Asav\protected\views\children\_gallery.php(19): image()
#3 C:\wamp\www\Asav\YiiFramework\web\CBaseController.php(131): require()
#4 C:\wamp\www\Asav\YiiFramework\web\CBaseController.php(96): ChildrenController->renderInternal()
#5 C:\wamp\www\Asav\YiiFramework\zii\widgets\CListView.php(260): ChildrenController->renderFile()
#6 C:\wamp\www\Asav\YiiFramework\zii\widgets\CBaseListView.php(161): CListView->renderItems()
#7 unknown(0): CListView->renderSection()
#8 C:\wamp\www\Asav\YiiFramework\zii\widgets\CBaseListView.php(144): preg_replace_callback()
#9 C:\wamp\www\Asav\YiiFramework\zii\widgets\CBaseListView.php(129): CListView->renderContent()
#10 C:\wamp\www\Asav\YiiFramework\web\CBaseController.php(174): CListView->run()
#11 C:\wamp\www\Asav\Asav\protected\views\children\gallery.php(13): ChildrenController->widget()
#12 C:\wamp\www\Asav\YiiFramework\web\CBaseController.php(127): require()
#13 C:\wamp\www\Asav\YiiFramework\web\CBaseController.php(96): ChildrenController->renderInternal()
#14 C:\wamp\www\Asav\YiiFramework\web\CController.php(870): ChildrenController->renderFile()
#15 C:\wamp\www\Asav\YiiFramework\web\CController.php(783): ChildrenController->renderPartial()
#16 C:\wamp\www\Asav\Asav\protected\controllers\ChildrenController.php(15): ChildrenController->render()
#17 C:\wamp\www\Asav\YiiFramework\web\actions\CInlineAction.php(50): ChildrenController->actionGallery()
#18 C:\wamp\www\Asav\YiiFramework\web\CController.php(309): CInlineAction->runWithParams()
#19 C:\wamp\www\Asav\YiiFramework\web\CController.php(287): ChildrenController->runAction()
#20 C:\wamp\www\Asav\YiiFramework\web\CController.php(266): ChildrenController->runActionWithFilters()
#21 C:\wamp\www\Asav\YiiFramework\web\CWebApplication.php(283): ChildrenController->run()
#22 C:\wamp\www\Asav\YiiFramework\web\CWebApplication.php(142): CWebApplication->runController()
#23 C:\wamp\www\Asav\YiiFramework\base\CApplication.php(162): CWebApplication->processRequest()
#24 C:\wamp\www\Asav\Asav\index.php(13): CWebApplication->run()
REQUEST_URI=/Asav/Asav/children/gallery
in C:\wamp\www\Asav\Asav\protected\views\children\_gallery.php (19)
in C:\wamp\www\Asav\Asav\protected\views\children\gallery.php (13)
in C:\wamp\www\Asav\Asav\protected\controllers\ChildrenController.php (15)
2013/02/27 10:38:25 [error] [php] htmlspecialchars() expects parameter 1 to be string, array given (C:\wamp\www\Asav\YiiFramework\web\helpers\CHtml.php:85)
Stack trace:
#0 C:\wamp\www\Asav\YiiFramework\web\helpers\CHtml.php(140): renderAttributes()
#1 C:\wamp\www\Asav\YiiFramework\web\helpers\CHtml.php(413): tag()
#2 C:\wamp\www\Asav\Asav\protected\views\children\_gallery.php(19): image()
#3 C:\wamp\www\Asav\YiiFramework\web\CBaseController.php(131): require()
#4 C:\wamp\www\Asav\YiiFramework\web\CBaseController.php(96): ChildrenController->renderInternal()
#5 C:\wamp\www\Asav\YiiFramework\zii\widgets\CListView.php(260): ChildrenController->renderFile()
#6 C:\wamp\www\Asav\YiiFramework\zii\widgets\CBaseListView.php(161): CListView->renderItems()
#7 unknown(0): CListView->renderSection()
#8 C:\wamp\www\Asav\YiiFramework\zii\widgets\CBaseListView.php(144): preg_replace_callback()
#9 C:\wamp\www\Asav\YiiFramework\zii\widgets\CBaseListView.php(129): CListView->renderContent()
#10 C:\wamp\www\Asav\YiiFramework\web\CBaseController.php(174): CListView->run()
#11 C:\wamp\www\Asav\Asav\protected\views\children\gallery.php(13): ChildrenController->widget()
#12 C:\wamp\www\Asav\YiiFramework\web\CBaseController.php(127): require()
#13 C:\wamp\www\Asav\YiiFramework\web\CBaseController.php(96): ChildrenController->renderInternal()
#14 C:\wamp\www\Asav\YiiFramework\web\CController.php(870): ChildrenController->renderFile()
#15 C:\wamp\www\Asav\YiiFramework\web\CController.php(783): ChildrenController->renderPartial()
#16 C:\wamp\www\Asav\Asav\protected\controllers\ChildrenController.php(15): ChildrenController->render()
#17 C:\wamp\www\Asav\YiiFramework\web\actions\CInlineAction.php(50): ChildrenController->actionGallery()
#18 C:\wamp\www\Asav\YiiFramework\web\CController.php(309): CInlineAction->runWithParams()
#19 C:\wamp\www\Asav\YiiFramework\web\CController.php(287): ChildrenController->runAction()
#20 C:\wamp\www\Asav\YiiFramework\web\CController.php(266): ChildrenController->runActionWithFilters()
#21 C:\wamp\www\Asav\YiiFramework\web\CWebApplication.php(283): ChildrenController->run()
#22 C:\wamp\www\Asav\YiiFramework\web\CWebApplication.php(142): CWebApplication->runController()
#23 C:\wamp\www\Asav\YiiFramework\base\CApplication.php(162): CWebApplication->processRequest()
#24 C:\wamp\www\Asav\Asav\index.php(13): CWebApplication->run()
REQUEST_URI=/Asav/Asav/children/gallery
in C:\wamp\www\Asav\Asav\protected\views\children\_gallery.php (19)
in C:\wamp\www\Asav\Asav\protected\views\children\gallery.php (13)
in C:\wamp\www\Asav\Asav\protected\controllers\ChildrenController.php (15)
2013/02/27 10:39:57 [error] [php] htmlspecialchars() expects parameter 1 to be string, array given (C:\wamp\www\Asav\YiiFramework\web\helpers\CHtml.php:85)
Stack trace:
#0 C:\wamp\www\Asav\YiiFramework\web\helpers\CHtml.php(140): renderAttributes()
#1 C:\wamp\www\Asav\YiiFramework\web\helpers\CHtml.php(413): tag()
#2 C:\wamp\www\Asav\Asav\protected\views\children\_gallery.php(19): image()
#3 C:\wamp\www\Asav\YiiFramework\web\CBaseController.php(131): require()
#4 C:\wamp\www\Asav\YiiFramework\web\CBaseController.php(96): ChildrenController->renderInternal()
#5 C:\wamp\www\Asav\YiiFramework\zii\widgets\CListView.php(260): ChildrenController->renderFile()
#6 C:\wamp\www\Asav\YiiFramework\zii\widgets\CBaseListView.php(161): CListView->renderItems()
#7 unknown(0): CListView->renderSection()
#8 C:\wamp\www\Asav\YiiFramework\zii\widgets\CBaseListView.php(144): preg_replace_callback()
#9 C:\wamp\www\Asav\YiiFramework\zii\widgets\CBaseListView.php(129): CListView->renderContent()
#10 C:\wamp\www\Asav\YiiFramework\web\CBaseController.php(174): CListView->run()
#11 C:\wamp\www\Asav\Asav\protected\views\children\gallery.php(13): ChildrenController->widget()
#12 C:\wamp\www\Asav\YiiFramework\web\CBaseController.php(127): require()
#13 C:\wamp\www\Asav\YiiFramework\web\CBaseController.php(96): ChildrenController->renderInternal()
#14 C:\wamp\www\Asav\YiiFramework\web\CController.php(870): ChildrenController->renderFile()
#15 C:\wamp\www\Asav\YiiFramework\web\CController.php(783): ChildrenController->renderPartial()
#16 C:\wamp\www\Asav\Asav\protected\controllers\ChildrenController.php(15): ChildrenController->render()
#17 C:\wamp\www\Asav\YiiFramework\web\actions\CInlineAction.php(50): ChildrenController->actionGallery()
#18 C:\wamp\www\Asav\YiiFramework\web\CController.php(309): CInlineAction->runWithParams()
#19 C:\wamp\www\Asav\YiiFramework\web\CController.php(287): ChildrenController->runAction()
#20 C:\wamp\www\Asav\YiiFramework\web\CController.php(266): ChildrenController->runActionWithFilters()
#21 C:\wamp\www\Asav\YiiFramework\web\CWebApplication.php(283): ChildrenController->run()
#22 C:\wamp\www\Asav\YiiFramework\web\CWebApplication.php(142): CWebApplication->runController()
#23 C:\wamp\www\Asav\YiiFramework\base\CApplication.php(162): CWebApplication->processRequest()
#24 C:\wamp\www\Asav\Asav\index.php(13): CWebApplication->run()
REQUEST_URI=/Asav/Asav/children/gallery
in C:\wamp\www\Asav\Asav\protected\views\children\_gallery.php (19)
in C:\wamp\www\Asav\Asav\protected\views\children\gallery.php (13)
in C:\wamp\www\Asav\Asav\protected\controllers\ChildrenController.php (15)
2013/02/27 10:42:19 [error] [exception.CHttpException.404] exception 'CHttpException' with message 'Le système ne peut trouver l'action « view » demandée.' in C:\wamp\www\Asav\YiiFramework\web\CController.php:484
Stack trace:
#0 C:\wamp\www\Asav\YiiFramework\web\CController.php(271): CController->missingAction('view')
#1 C:\wamp\www\Asav\YiiFramework\web\CWebApplication.php(283): CController->run('view')
#2 C:\wamp\www\Asav\YiiFramework\web\CWebApplication.php(142): CWebApplication->runController('children/view')
#3 C:\wamp\www\Asav\YiiFramework\base\CApplication.php(162): CWebApplication->processRequest()
#4 C:\wamp\www\Asav\Asav\index.php(13): CApplication->run()
#5 {main}
REQUEST_URI=/Asav/Asav/children/2
HTTP_REFERER=http://localhost:81/Asav/Asav/children/gallery
---
2013/02/27 10:42:24 [error] [exception.CHttpException.404] exception 'CHttpException' with message 'Le système ne peut trouver l'action « view » demandée.' in C:\wamp\www\Asav\YiiFramework\web\CController.php:484
Stack trace:
#0 C:\wamp\www\Asav\YiiFramework\web\CController.php(271): CController->missingAction('view')
#1 C:\wamp\www\Asav\YiiFramework\web\CWebApplication.php(283): CController->run('view')
#2 C:\wamp\www\Asav\YiiFramework\web\CWebApplication.php(142): CWebApplication->runController('children/view')
#3 C:\wamp\www\Asav\YiiFramework\base\CApplication.php(162): CWebApplication->processRequest()
#4 C:\wamp\www\Asav\Asav\index.php(13): CApplication->run()
#5 {main}
REQUEST_URI=/Asav/Asav/children/view/2
---
2013/02/27 10:42:27 [error] [exception.CHttpException.404] exception 'CHttpException' with message 'Le système ne peut trouver l'action « view » demandée.' in C:\wamp\www\Asav\YiiFramework\web\CController.php:484
Stack trace:
#0 C:\wamp\www\Asav\YiiFramework\web\CController.php(271): CController->missingAction('view')
#1 C:\wamp\www\Asav\YiiFramework\web\CWebApplication.php(283): CController->run('view')
#2 C:\wamp\www\Asav\YiiFramework\web\CWebApplication.php(142): CWebApplication->runController('children/view')
#3 C:\wamp\www\Asav\YiiFramework\base\CApplication.php(162): CWebApplication->processRequest()
#4 C:\wamp\www\Asav\Asav\index.php(13): CApplication->run()
#5 {main}
REQUEST_URI=/Asav/Asav/children/2
---
2013/02/27 10:42:55 [error] [exception.CHttpException.404] exception 'CHttpException' with message 'Le système ne peut trouver l'action « view » demandée.' in C:\wamp\www\Asav\YiiFramework\web\CController.php:484
Stack trace:
#0 C:\wamp\www\Asav\YiiFramework\web\CController.php(271): CController->missingAction('view')
#1 C:\wamp\www\Asav\YiiFramework\web\CWebApplication.php(283): CController->run('view')
#2 C:\wamp\www\Asav\YiiFramework\web\CWebApplication.php(142): CWebApplication->runController('children/view')
#3 C:\wamp\www\Asav\YiiFramework\base\CApplication.php(162): CWebApplication->processRequest()
#4 C:\wamp\www\Asav\Asav\index.php(13): CApplication->run()
#5 {main}
REQUEST_URI=/Asav/Asav/children/view/2
---
2013/02/27 10:42:56 [error] [exception.CHttpException.404] exception 'CHttpException' with message 'Le système ne peut trouver l'action « view » demandée.' in C:\wamp\www\Asav\YiiFramework\web\CController.php:484
Stack trace:
#0 C:\wamp\www\Asav\YiiFramework\web\CController.php(271): CController->missingAction('view')
#1 C:\wamp\www\Asav\YiiFramework\web\CWebApplication.php(283): CController->run('view')
#2 C:\wamp\www\Asav\YiiFramework\web\CWebApplication.php(142): CWebApplication->runController('children/view')
#3 C:\wamp\www\Asav\YiiFramework\base\CApplication.php(162): CWebApplication->processRequest()
#4 C:\wamp\www\Asav\Asav\index.php(13): CApplication->run()
#5 {main}
REQUEST_URI=/Asav/Asav/children/2
HTTP_REFERER=http://localhost:81/Asav/Asav/children/gallery
---
